<?xml version="1.0" encoding="UTF-8"?>
<!-- Generated by org.testng.reporters.JUnitXMLReporter -->
<testsuite ignored="5" hostname="Lohith" failures="0" tests="2" name="Test" time="0.158" errors="0" timestamp="2021-12-08T10:08:50 IST">
  <testcase classname="com.crm.comcast.genericutility.BaseClass" name="@BeforeClass configBC" time="-1.63893833057E9">
    <failure type="org.testng.TestNGException" message="
Parameter &amp;apos;BROWSER&amp;apos; is required by BeforeClass on method configBC but has not been marked @Optional or defined
in C:\Users\lohith\eclipse-workspace\com.crm.SDET-26\testngFullRegressionSuit.xml">
      <![CDATA[org.testng.TestNGException: 
Parameter 'BROWSER' is required by BeforeClass on method configBC but has not been marked @Optional or defined
in C:\Users\lohith\eclipse-workspace\com.crm.SDET-26\testngFullRegressionSuit.xml
at java.base/java.util.ArrayList.forEach(ArrayList.java:1511)
... Removed 22 stack frames]]>
    </failure>
  </testcase> <!-- @BeforeClass configBC -->
  <testcase classname="com.crm.comcast.genericutility.BaseClass" name="@BeforeMethod configBM" time="-1.63893833063E9">
    <skipped/>
  </testcase> <!-- @BeforeMethod configBM -->
  <testcase classname="com.crm.comcast.genericutility.BaseClass" name="@AfterMethod configAM" time="-1.638938330647E9">
    <skipped/>
  </testcase> <!-- @AfterMethod configAM -->
  <testcase classname="com.crm.comcast.genericutility.BaseClass" name="@AfterClass configAC" time="-1.63893833066E9">
    <skipped/>
  </testcase> <!-- @AfterClass configAC -->
  <testcase classname="com.crm.comcast.genericutility.BaseClass" name="@BeforeClass configBC" time="-1.638938330668E9">
    <failure type="org.testng.TestNGException" message="
Parameter &amp;apos;BROWSER&amp;apos; is required by BeforeClass on method configBC but has not been marked @Optional or defined
in C:\Users\lohith\eclipse-workspace\com.crm.SDET-26\testngFullRegressionSuit.xml">
      <![CDATA[org.testng.TestNGException: 
Parameter 'BROWSER' is required by BeforeClass on method configBC but has not been marked @Optional or defined
in C:\Users\lohith\eclipse-workspace\com.crm.SDET-26\testngFullRegressionSuit.xml
at java.base/java.util.ArrayList.forEach(ArrayList.java:1511)
... Removed 22 stack frames]]>
    </failure>
  </testcase> <!-- @BeforeClass configBC -->
  <testcase classname="com.crm.comcast.genericutility.BaseClass" name="@BeforeMethod configBM" time="-1.638938330674E9">
    <skipped/>
  </testcase> <!-- @BeforeMethod configBM -->
  <testcase classname="com.crm.comcast.genericutility.BaseClass" name="@AfterMethod configAM" time="-1.638938330688E9">
    <skipped/>
  </testcase> <!-- @AfterMethod configAM -->
  <testcase classname="com.crm.comcast.genericutility.BaseClass" name="@AfterClass configAC" time="-1.638938330696E9">
    <skipped/>
  </testcase> <!-- @AfterClass configAC -->
  <testcase classname="com.vtiger.comcast.organizationtest.CreateOrganizationTest" name="createOrganization_With_Industries_And_Type_Test" time="0.0">
    <skipped/>
  </testcase> <!-- createOrganization_With_Industries_And_Type_Test -->
  <testcase classname="com.vtiger.comcast.organizationtest.CreateContactTest" name="createContact_Support_DateTest" time="0.0">
    <skipped/>
  </testcase> <!-- createContact_Support_DateTest -->
  <testcase classname="com.vtiger.comcast.organizationtest.CreateOrganizationTest" name="createOrganizationTest" time="0.0">
    <ignored/>
  </testcase> <!-- createOrganizationTest -->
  <testcase classname="com.vtiger.comcast.organizationtest.CreateContactTest" name="createConatctWithOrgTest" time="0.0">
    <ignored/>
  </testcase> <!-- createConatctWithOrgTest -->
  <testcase classname="com.crm.comcast.genericutility.BaseClass" name="@AfterSuite configAS" time="0.0">
    <ignored/>
  </testcase> <!-- @AfterSuite configAS -->
  <testcase classname="com.crm.comcast.genericutility.BaseClass" name="@BeforeSuite configBS" time="0.0">
    <ignored/>
  </testcase> <!-- @BeforeSuite configBS -->
  <testcase classname="com.vtiger.comcast.organizationtest.CreateContactTest" name="createContactTest" time="0.0">
    <ignored/>
  </testcase> <!-- createContactTest -->
</testsuite> <!-- Test -->
