<?xml version="1.0" encoding="UTF-8"?>
<!-- Generated by org.testng.reporters.JUnitReportReporter -->
<testsuite hostname="Lohith" failures="0" tests="4" name="com.vtiger.comcast.organizationtest.CreateContactTest" time="72.106" errors="1" timestamp="2021-12-10T12:34:33 IST" skipped="3">
  <testcase classname="com.vtiger.comcast.organizationtest.CreateContactTest" name="createContactTest" time="0.000">
    <skipped/>
  </testcase> <!-- createContactTest -->
  <system-out/>
  <testcase classname="com.vtiger.comcast.organizationtest.CreateContactTest" name="createContact_Support_DateTest" time="0.000">
    <skipped/>
  </testcase> <!-- createContact_Support_DateTest -->
  <system-out/>
  <testcase classname="com.vtiger.comcast.organizationtest.CreateContactTest" name="createConatctWithOrgTest" time="0.000">
    <skipped/>
  </testcase> <!-- createConatctWithOrgTest -->
  <system-out/>
  <testcase classname="com.vtiger.comcast.organizationtest.CreateContactTest" name="configBC" time="72.106">
    <error message="unknown error: DevToolsActivePort file doesn&#039;t exist
Build info: version: &#039;3.141.59&#039;, revision: &#039;e82be7d358&#039;, time: &#039;2018-11-14T08:17:03&#039;
System info: host: &#039;LOHITH&#039;, ip: &#039;192.168.232.1&#039;, os.name: &#039;Windows 10&#039;, os.arch: &#039;amd64&#039;, os.version: &#039;10.0&#039;, java.version: &#039;16.0.2&#039;
Driver info: driver.version: ChromeDriver
remote stacktrace: Backtrace:
	Ordinal0 [0x00C26903+2517251]
	Ordinal0 [0x00BBF8E1+2095329]
	Ordinal0 [0x00AC2848+1058888]
	Ordinal0 [0x00ADFFA2+1179554]
	Ordinal0 [0x00ADC840+1165376]
	Ordinal0 [0x00ADA2CF+1155791]
	Ordinal0 [0x00B0AAAF+1354415]
	Ordinal0 [0x00B0A71A+1353498]
	Ordinal0 [0x00B0639B+1336219]
	Ordinal0 [0x00AE27A7+1189799]
	Ordinal0 [0x00AE3609+1193481]
	GetHandleVerifier [0x00DB5904+1577972]
	GetHandleVerifier [0x00E60B97+2279047]
	GetHandleVerifier [0x00CB6D09+534521]
	GetHandleVerifier [0x00CB5DB9+530601]
	Ordinal0 [0x00BC4FF9+2117625]
	Ordinal0 [0x00BC98A8+2136232]
	Ordinal0 [0x00BC99E2+2136546]
	Ordinal0 [0x00BD3541+2176321]
	BaseThreadInitThunk [0x75D0FA29+25]
	RtlGetAppContainerNamedObjectPath [0x77987A9E+286]
	RtlGetAppContainerNamedObjectPath [0x77987A6E+238]
" type="org.openqa.selenium.WebDriverException">
      <![CDATA[org.openqa.selenium.WebDriverException: unknown error: DevToolsActivePort file doesn't exist
Build info: version: '3.141.59', revision: 'e82be7d358', time: '2018-11-14T08:17:03'
System info: host: 'LOHITH', ip: '192.168.232.1', os.name: 'Windows 10', os.arch: 'amd64', os.version: '10.0', java.version: '16.0.2'
Driver info: driver.version: ChromeDriver
remote stacktrace: Backtrace:
Ordinal0 [0x00C26903+2517251]
Ordinal0 [0x00BBF8E1+2095329]
Ordinal0 [0x00AC2848+1058888]
Ordinal0 [0x00ADFFA2+1179554]
Ordinal0 [0x00ADC840+1165376]
Ordinal0 [0x00ADA2CF+1155791]
Ordinal0 [0x00B0AAAF+1354415]
Ordinal0 [0x00B0A71A+1353498]
Ordinal0 [0x00B0639B+1336219]
Ordinal0 [0x00AE27A7+1189799]
Ordinal0 [0x00AE3609+1193481]
GetHandleVerifier [0x00DB5904+1577972]
GetHandleVerifier [0x00E60B97+2279047]
GetHandleVerifier [0x00CB6D09+534521]
GetHandleVerifier [0x00CB5DB9+530601]
Ordinal0 [0x00BC4FF9+2117625]
Ordinal0 [0x00BC98A8+2136232]
Ordinal0 [0x00BC99E2+2136546]
Ordinal0 [0x00BD3541+2176321]
BaseThreadInitThunk [0x75D0FA29+25]
RtlGetAppContainerNamedObjectPath [0x77987A9E+286]
RtlGetAppContainerNamedObjectPath [0x77987A6E+238]

at java.base/jdk.internal.reflect.NativeConstructorAccessorImpl.newInstance0(Native Method)
at java.base/jdk.internal.reflect.NativeConstructorAccessorImpl.newInstance(NativeConstructorAccessorImpl.java:78)
at java.base/jdk.internal.reflect.DelegatingConstructorAccessorImpl.newInstance(DelegatingConstructorAccessorImpl.java:45)
at java.base/java.lang.reflect.Constructor.newInstanceWithCaller(Constructor.java:499)
at java.base/java.lang.reflect.Constructor.newInstance(Constructor.java:480)
at org.openqa.selenium.remote.W3CHandshakeResponse.lambda$errorHandler$0(W3CHandshakeResponse.java:62)
at org.openqa.selenium.remote.HandshakeResponse.lambda$getResponseFunction$0(HandshakeResponse.java:30)
at org.openqa.selenium.remote.ProtocolHandshake.lambda$createSession$0(ProtocolHandshake.java:126)
at java.base/java.util.stream.ReferencePipeline$3$1.accept(ReferencePipeline.java:197)
at java.base/java.util.Spliterators$ArraySpliterator.tryAdvance(Spliterators.java:958)
at java.base/java.util.stream.ReferencePipeline.forEachWithCancel(ReferencePipeline.java:129)
at java.base/java.util.stream.AbstractPipeline.copyIntoWithCancel(AbstractPipeline.java:502)
at java.base/java.util.stream.AbstractPipeline.copyInto(AbstractPipeline.java:488)
at java.base/java.util.stream.AbstractPipeline.wrapAndCopyInto(AbstractPipeline.java:474)
at java.base/java.util.stream.FindOps$FindOp.evaluateSequential(FindOps.java:150)
at java.base/java.util.stream.AbstractPipeline.evaluate(AbstractPipeline.java:234)
at java.base/java.util.stream.ReferencePipeline.findFirst(ReferencePipeline.java:647)
at org.openqa.selenium.remote.ProtocolHandshake.createSession(ProtocolHandshake.java:128)
at org.openqa.selenium.remote.ProtocolHandshake.createSession(ProtocolHandshake.java:74)
at org.openqa.selenium.remote.HttpCommandExecutor.execute(HttpCommandExecutor.java:136)
at org.openqa.selenium.remote.service.DriverCommandExecutor.execute(DriverCommandExecutor.java:83)
at org.openqa.selenium.remote.RemoteWebDriver.execute(RemoteWebDriver.java:552)
at org.openqa.selenium.remote.RemoteWebDriver.startSession(RemoteWebDriver.java:213)
at org.openqa.selenium.remote.RemoteWebDriver.<init>(RemoteWebDriver.java:131)
at org.openqa.selenium.chrome.ChromeDriver.<init>(ChromeDriver.java:181)
at org.openqa.selenium.chrome.ChromeDriver.<init>(ChromeDriver.java:168)
at org.openqa.selenium.chrome.ChromeDriver.<init>(ChromeDriver.java:123)
at com.crm.comcast.genericutility.BaseClass.configBC(BaseClass.java:43)
at java.base/jdk.internal.reflect.NativeMethodAccessorImpl.invoke0(Native Method)
at java.base/jdk.internal.reflect.NativeMethodAccessorImpl.invoke(NativeMethodAccessorImpl.java:78)
at java.base/jdk.internal.reflect.DelegatingMethodAccessorImpl.invoke(DelegatingMethodAccessorImpl.java:43)
at java.base/java.lang.reflect.Method.invoke(Method.java:567)
at org.testng.internal.MethodInvocationHelper.invokeMethod(MethodInvocationHelper.java:133)
at org.testng.internal.MethodInvocationHelper.invokeMethodConsideringTimeout(MethodInvocationHelper.java:62)
at org.testng.internal.ConfigInvoker.invokeConfigurationMethod(ConfigInvoker.java:385)
at org.testng.internal.ConfigInvoker.invokeConfigurations(ConfigInvoker.java:321)
at org.testng.internal.TestMethodWorker.invokeBeforeClassMethods(TestMethodWorker.java:176)
at org.testng.internal.TestMethodWorker.run(TestMethodWorker.java:122)
at java.base/java.util.ArrayList.forEach(ArrayList.java:1511)
at org.testng.TestRunner.privateRun(TestRunner.java:794)
at org.testng.TestRunner.run(TestRunner.java:596)
at org.testng.SuiteRunner.runTest(SuiteRunner.java:377)
at org.testng.SuiteRunner.runSequentially(SuiteRunner.java:371)
at org.testng.SuiteRunner.privateRun(SuiteRunner.java:332)
at org.testng.SuiteRunner.run(SuiteRunner.java:276)
at org.testng.SuiteRunnerWorker.runSuite(SuiteRunnerWorker.java:53)
at org.testng.SuiteRunnerWorker.run(SuiteRunnerWorker.java:96)
at org.testng.TestNG.runSuitesSequentially(TestNG.java:1212)
at org.testng.TestNG.runSuitesLocally(TestNG.java:1134)
at org.testng.TestNG.runSuites(TestNG.java:1063)
at org.testng.TestNG.run(TestNG.java:1031)
at org.testng.remote.AbstractRemoteTestNG.run(AbstractRemoteTestNG.java:115)
at org.testng.remote.RemoteTestNG.initAndRun(RemoteTestNG.java:251)
at org.testng.remote.RemoteTestNG.main(RemoteTestNG.java:77)
]]>
    </error>
  </testcase> <!-- configBC -->
  <system-out/>
</testsuite> <!-- com.vtiger.comcast.organizationtest.CreateContactTest -->
